<?xml version="1.0" encoding="UTF-8"?>
<testng-results ignored="0" total="2" passed="2" failed="0" skipped="0">
  <reporter-output>
  </reporter-output>
  <suite started-at="2023-06-07T15:19:32 IST" name="Default suite" finished-at="2023-06-07T15:19:38 IST" duration-ms="5574">
    <groups>
      <group name="cucumber">
        <method signature="AbstractTestNGCucumberTests.runScenario(io.cucumber.testng.PickleWrapper,io.cucumber.testng.FeatureWrapper)[pri:0, instance:runner.LoginRunner@2a54a73f]" name="runScenario" class="io.cucumber.testng.AbstractTestNGCucumberTests"/>
      </group> <!-- cucumber -->
    </groups>
    <test started-at="2023-06-07T15:19:32 IST" name="Default test" finished-at="2023-06-07T15:19:38 IST" duration-ms="5574">
      <class name="runner.LoginRunner">
        <test-method is-config="true" signature="setUpClass(org.testng.ITestContext)[pri:0, instance:runner.LoginRunner@2a54a73f]" started-at="2023-06-07T15:19:32 IST" name="setUpClass" finished-at="2023-06-07T15:19:33 IST" duration-ms="1104" status="PASS">
          <params>
            <param index="0">
              <value>
                <![CDATA[org.testng.TestRunner@1a5f7e7c]]>
              </value>
            </param>
          </params>
          <reporter-output>
          </reporter-output>
        </test-method> <!-- setUpClass -->
        <test-method signature="runScenario(io.cucumber.testng.PickleWrapper,io.cucumber.testng.FeatureWrapper)[pri:0, instance:runner.LoginRunner@2a54a73f]" started-at="2023-06-07T15:19:33 IST" name="runScenario" description="Runs Cucumber Scenarios" data-provider="scenarios" finished-at="2023-06-07T15:19:33 IST" duration-ms="154" status="PASS">
          <params>
            <param index="0">
              <value>
                <![CDATA["login with valid credential"]]>
              </value>
            </param>
            <param index="1">
              <value>
                <![CDATA["login functionality"]]>
              </value>
            </param>
          </params>
          <reporter-output>
          </reporter-output>
        </test-method> <!-- runScenario -->
        <test-method signature="runScenario(io.cucumber.testng.PickleWrapper,io.cucumber.testng.FeatureWrapper)[pri:0, instance:runner.LoginRunner@2a54a73f]" started-at="2023-06-07T15:19:33 IST" name="runScenario" description="Runs Cucumber Scenarios" data-provider="scenarios" finished-at="2023-06-07T15:19:33 IST" duration-ms="15" status="PASS">
          <params>
            <param index="0">
              <value>
                <![CDATA["Title verification"]]>
              </value>
            </param>
            <param index="1">
              <value>
                <![CDATA["login functionality"]]>
              </value>
            </param>
          </params>
          <reporter-output>
          </reporter-output>
        </test-method> <!-- runScenario -->
        <test-method is-config="true" signature="tearDownClass()[pri:0, instance:runner.LoginRunner@2a54a73f]" started-at="2023-06-07T15:19:33 IST" name="tearDownClass" finished-at="2023-06-07T15:19:38 IST" duration-ms="4229" status="PASS">
          <reporter-output>
          </reporter-output>
        </test-method> <!-- tearDownClass -->
      </class> <!-- runner.LoginRunner -->
    </test> <!-- Default test -->
  </suite> <!-- Default suite -->
</testng-results>
