<?xml version="1.0" encoding="UTF-8"?>
<testng-results ignored="0" total="1" passed="1" failed="0" skipped="0">
  <reporter-output>
  </reporter-output>
  <suite started-at="2023-07-23T10:18:37 IST" name="Default suite" finished-at="2023-07-23T10:18:43 IST" duration-ms="6090">
    <groups>
    </groups>
    <test started-at="2023-07-23T10:18:37 IST" name="Default test" finished-at="2023-07-23T10:18:43 IST" duration-ms="6090">
      <class name="basicrequest.swaggerPostReq">
        <test-method signature="createUser()[pri:0, instance:basicrequest.swaggerPostReq@62150f9e]" started-at="2023-07-23T10:18:37 IST" name="createUser" finished-at="2023-07-23T10:18:43 IST" duration-ms="5998" status="PASS">
          <reporter-output>
          </reporter-output>
        </test-method> <!-- createUser -->
      </class> <!-- basicrequest.swaggerPostReq -->
    </test> <!-- Default test -->
  </suite> <!-- Default suite -->
</testng-results>
