<?xml version="1.0" encoding="UTF-8"?>
<testng-results ignored="0" total="1" passed="1" failed="0" skipped="0">
  <reporter-output>
  </reporter-output>
  <suite started-at="2023-08-16T08:22:46 IST" name="Default suite" finished-at="2023-08-16T08:22:49 IST" duration-ms="3335">
    <groups>
    </groups>
    <test started-at="2023-08-16T08:22:46 IST" name="Default test" finished-at="2023-08-16T08:22:49 IST" duration-ms="3335">
      <class name="POJOforComplexJson.getUsersFromResReq">
        <test-method signature="getUsers()[pri:0, instance:POJOforComplexJson.getUsersFromResReq@6572421]" started-at="2023-08-16T08:22:46 IST" name="getUsers" finished-at="2023-08-16T08:22:49 IST" duration-ms="3232" status="PASS">
          <reporter-output>
          </reporter-output>
        </test-method> <!-- getUsers -->
      </class> <!-- POJOforComplexJson.getUsersFromResReq -->
    </test> <!-- Default test -->
  </suite> <!-- Default suite -->
</testng-results>
