<?xml version="1.0" encoding="UTF-8"?>
<!-- Generated by org.testng.reporters.JUnitXMLReporter -->
<testsuite ignored="0" hostname="LAPTOP-HL3AL6R5" failures="0" tests="2" name="Default test" time="3.872" errors="0" timestamp="2023-08-20T12:59:20 IST">
  <testcase classname="com.spotify.test.CreateAndGetPlayListUsingReusableCalls" name="CreateSpotifyPlaylist" time="3.485"/>
  <testcase classname="com.spotify.test.CreateAndGetPlayListUsingReusableCalls" name="GetAllPlaylist" time="0.313"/>
</testsuite> <!-- Default test -->
